<?xml version="1.0" encoding="UTF-8"?>
<testsuite name="Yuconz.DbTest" tests="2" skipped="0" failures="0" errors="0" timestamp="2020-04-06T07:12:14" hostname="DESKTOP-I1SBGKO" time="0.007">
  <properties/>
  <testcase name="matchPersonalDetailsFalseTest" classname="Yuconz.DbTest" time="0.005"/>
  <testcase name="matchPersonalDetailsTrueTest" classname="Yuconz.DbTest" time="0.001"/>
  <system-out><![CDATA[]]></system-out>
  <system-err><![CDATA[]]></system-err>
</testsuite>
