<?xml version="1.0" encoding="UTF-8"?>
<testsuite name="Yuconz.AuthLogAttemptTest" tests="2" skipped="0" failures="0" errors="0" timestamp="2020-04-06T07:12:14" hostname="DESKTOP-I1SBGKO" time="0.04">
  <properties/>
  <testcase name="failLogAttemptTest" classname="Yuconz.AuthLogAttemptTest" time="0.038"/>
  <testcase name="successfullLogAttemptTest" classname="Yuconz.AuthLogAttemptTest" time="0.001"/>
  <system-out><![CDATA[]]></system-out>
  <system-err><![CDATA[]]></system-err>
</testsuite>
